This is pdfTeX, Version 3.141592653-2.6-1.40.22 (TeX Live 2022/dev/Debian) (preloaded format=pdflatex 2025.9.11)  11 SEP 2025 02:12
entering extended mode
 restricted \write18 enabled.
 %&-line parsing enabled.
**main_camera_ready.tex
(./main_camera_ready.tex
LaTeX2e <2021-11-15> patch level 1
L3 programming layer <2022-01-21>
(/usr/share/texlive/texmf-dist/tex/latex/base/article.cls
Document Class: article 2021/10/04 v1.4n Standard LaTeX document class
(/usr/share/texlive/texmf-dist/tex/latex/base/size11.clo
File: size11.clo 2021/10/04 v1.4n Standard LaTeX file (size option)
)
\c@part=\count185
\c@section=\count186
\c@subsection=\count187
\c@subsubsection=\count188
\c@paragraph=\count189
\c@subparagraph=\count190
\c@figure=\count191
\c@table=\count192
\abovecaptionskip=\skip47
\belowcaptionskip=\skip48
\bibindent=\dimen138
) (./rocling2025.sty
(/usr/share/texlive/texmf-dist/tex/latex/hyperref/hyperref.sty
Package: hyperref 2021-06-07 v7.00m Hypertext links for LaTeX

(/usr/share/texlive/texmf-dist/tex/generic/ltxcmds/ltxcmds.sty
Package: ltxcmds 2020-05-10 v1.25 LaTeX kernel commands for general use (HO)
)
(/usr/share/texlive/texmf-dist/tex/generic/iftex/iftex.sty
Package: iftex 2020/03/06 v1.0d TeX engine tests
)
(/usr/share/texlive/texmf-dist/tex/generic/pdftexcmds/pdftexcmds.sty
Package: pdftexcmds 2020-06-27 v0.33 Utility functions of pdfTeX for LuaTeX (HO
)

(/usr/share/texlive/texmf-dist/tex/generic/infwarerr/infwarerr.sty
Package: infwarerr 2019/12/03 v1.5 Providing info/warning/error messages (HO)
)
Package pdftexcmds Info: \pdf@primitive is available.
Package pdftexcmds Info: \pdf@ifprimitive is available.
Package pdftexcmds Info: \pdfdraftmode found.
)
(/usr/share/texlive/texmf-dist/tex/latex/graphics/keyval.sty
Package: keyval 2014/10/28 v1.15 key=value parser (DPC)
\KV@toks@=\toks16
)
(/usr/share/texlive/texmf-dist/tex/generic/kvsetkeys/kvsetkeys.sty
Package: kvsetkeys 2019/12/15 v1.18 Key value parser (HO)
)
(/usr/share/texlive/texmf-dist/tex/generic/kvdefinekeys/kvdefinekeys.sty
Package: kvdefinekeys 2019-12-19 v1.6 Define keys (HO)
)
(/usr/share/texlive/texmf-dist/tex/generic/pdfescape/pdfescape.sty
Package: pdfescape 2019/12/09 v1.15 Implements pdfTeX's escape features (HO)
)
(/usr/share/texlive/texmf-dist/tex/latex/hycolor/hycolor.sty
Package: hycolor 2020-01-27 v1.10 Color options for hyperref/bookmark (HO)
)
(/usr/share/texlive/texmf-dist/tex/latex/letltxmacro/letltxmacro.sty
Package: letltxmacro 2019/12/03 v1.6 Let assignment for LaTeX macros (HO)
)
(/usr/share/texlive/texmf-dist/tex/latex/auxhook/auxhook.sty
Package: auxhook 2019-12-17 v1.6 Hooks for auxiliary files (HO)
)
(/usr/share/texlive/texmf-dist/tex/latex/kvoptions/kvoptions.sty
Package: kvoptions 2020-10-07 v3.14 Key value format for package options (HO)
)
\@linkdim=\dimen139
\Hy@linkcounter=\count193
\Hy@pagecounter=\count194

(/usr/share/texlive/texmf-dist/tex/latex/hyperref/pd1enc.def
File: pd1enc.def 2021-06-07 v7.00m Hyperref: PDFDocEncoding definition (HO)
Now handling font encoding PD1 ...
... no UTF-8 mapping file for font encoding PD1
)
(/usr/share/texlive/texmf-dist/tex/latex/hyperref/hyperref-langpatches.def
File: hyperref-langpatches.def 2021-06-07 v7.00m Hyperref: patches for babel la
nguages
)
(/usr/share/texlive/texmf-dist/tex/generic/intcalc/intcalc.sty
Package: intcalc 2019/12/15 v1.3 Expandable calculations with integers (HO)
)
(/usr/share/texlive/texmf-dist/tex/generic/etexcmds/etexcmds.sty
Package: etexcmds 2019/12/15 v1.7 Avoid name clashes with e-TeX commands (HO)
)
\Hy@SavedSpaceFactor=\count195

(/usr/share/texlive/texmf-dist/tex/latex/hyperref/puenc.def
File: puenc.def 2021-06-07 v7.00m Hyperref: PDF Unicode definition (HO)
Now handling font encoding PU ...
... no UTF-8 mapping file for font encoding PU
)
Package hyperref Info: Hyper figures OFF on input line 4192.
Package hyperref Info: Link nesting OFF on input line 4197.
Package hyperref Info: Hyper index ON on input line 4200.
Package hyperref Info: Plain pages OFF on input line 4207.
Package hyperref Info: Backreferencing OFF on input line 4212.
Package hyperref Info: Implicit mode ON; LaTeX internals redefined.
Package hyperref Info: Bookmarks ON on input line 4445.
\c@Hy@tempcnt=\count196

(/usr/share/texlive/texmf-dist/tex/latex/url/url.sty
\Urlmuskip=\muskip16
Package: url 2013/09/16  ver 3.4  Verb mode for urls, etc.
)
LaTeX Info: Redefining \url on input line 4804.
\XeTeXLinkMargin=\dimen140

(/usr/share/texlive/texmf-dist/tex/generic/bitset/bitset.sty
Package: bitset 2019/12/09 v1.3 Handle bit-vector datatype (HO)

(/usr/share/texlive/texmf-dist/tex/generic/bigintcalc/bigintcalc.sty
Package: bigintcalc 2019/12/15 v1.5 Expandable calculations on big integers (HO
)
))
\Fld@menulength=\count197
\Field@Width=\dimen141
\Fld@charsize=\dimen142
Package hyperref Info: Hyper figures OFF on input line 6076.
Package hyperref Info: Link nesting OFF on input line 6081.
Package hyperref Info: Hyper index ON on input line 6084.
Package hyperref Info: backreferencing OFF on input line 6091.
Package hyperref Info: Link coloring OFF on input line 6096.
Package hyperref Info: Link coloring with OCG OFF on input line 6101.
Package hyperref Info: PDF/A mode OFF on input line 6106.
LaTeX Info: Redefining \ref on input line 6146.
LaTeX Info: Redefining \pageref on input line 6150.

(/usr/share/texlive/texmf-dist/tex/latex/base/atbegshi-ltx.sty
Package: atbegshi-ltx 2021/01/10 v1.0c Emulation of the original atbegshi
package with kernel methods
)
\Hy@abspage=\count198
\c@Item=\count199
\c@Hfootnote=\count266
)
Package hyperref Info: Driver (autodetected): hpdftex.

(/usr/share/texlive/texmf-dist/tex/latex/hyperref/hpdftex.def
File: hpdftex.def 2021-06-07 v7.00m Hyperref driver for pdfTeX

(/usr/share/texlive/texmf-dist/tex/latex/base/atveryend-ltx.sty
Package: atveryend-ltx 2020/08/19 v1.0a Emulation of the original atveryend pac
kage
with kernel methods
)
\Fld@listcount=\count267
\c@bookmark@seq@number=\count268

(/usr/share/texlive/texmf-dist/tex/latex/rerunfilecheck/rerunfilecheck.sty
Package: rerunfilecheck 2019/12/05 v1.9 Rerun checks for auxiliary files (HO)

(/usr/share/texlive/texmf-dist/tex/generic/uniquecounter/uniquecounter.sty
Package: uniquecounter 2019/12/15 v1.4 Provide unlimited unique counter (HO)
)
Package uniquecounter Info: New unique counter `rerunfilecheck' on input line 2
86.
)
\Hy@SectionHShift=\skip49
)
(/usr/share/texlive/texmf-dist/tex/latex/xcolor/xcolor.sty
Package: xcolor 2021/10/31 v2.13 LaTeX color extensions (UK)

(/usr/share/texlive/texmf-dist/tex/latex/graphics-cfg/color.cfg
File: color.cfg 2016/01/02 v1.6 sample color configuration
)
Package xcolor Info: Driver file: pdftex.def on input line 227.

(/usr/share/texlive/texmf-dist/tex/latex/graphics-def/pdftex.def
File: pdftex.def 2020/10/05 v1.2a Graphics/color driver for pdftex
)
Package xcolor Info: Model `cmy' substituted by `cmy0' on input line 1352.
Package xcolor Info: Model `hsb' substituted by `rgb' on input line 1356.
Package xcolor Info: Model `RGB' extended on input line 1368.
Package xcolor Info: Model `HTML' substituted by `rgb' on input line 1370.
Package xcolor Info: Model `Hsb' substituted by `hsb' on input line 1371.
Package xcolor Info: Model `tHsb' substituted by `hsb' on input line 1372.
Package xcolor Info: Model `HSB' substituted by `hsb' on input line 1373.
Package xcolor Info: Model `Gray' substituted by `gray' on input line 1374.
Package xcolor Info: Model `wave' substituted by `hsb' on input line 1375.
)
Package hyperref Info: Option `colorlinks' set `true' on input line 106.

Conference Style for ROCLING 2025
\titlebox=\skip50
\aclrulerbox=\box50
\aclrulercount=\count269
\aclruleroffset=\dimen143
\cv@lineheight=\dimen144
\cv@boxheight=\dimen145
\cv@tmpbox=\box51
\cv@refno=\count270
\cv@tot=\count271
\cv@tmpc@=\count272
\cv@tmpc=\count273
(/usr/share/texlive/texmf-dist/tex/latex/caption/caption.sty
Package: caption 2020/10/26 v3.5g Customizing captions (AR)

(/usr/share/texlive/texmf-dist/tex/latex/caption/caption3.sty
Package: caption3 2020/10/21 v2.2e caption3 kernel (AR)
\captionmargin=\dimen146
\captionmargin@=\dimen147
\captionwidth=\dimen148
\caption@tempdima=\dimen149
\caption@indent=\dimen150
\caption@parindent=\dimen151
\caption@hangindent=\dimen152
Package caption Info: Standard document class detected.
)
\c@caption@flags=\count274
\c@continuedfloat=\count275
Package caption Info: hyperref package is loaded.
)
(/usr/share/texlive/texmf-dist/tex/latex/natbib/natbib.sty
Package: natbib 2010/09/13 8.31b (PWD, AO)
\bibhang=\skip51
\bibsep=\skip52
LaTeX Info: Redefining \cite on input line 694.
\c@NAT@ctr=\count276
))
(/usr/share/texlive/texmf-dist/tex/latex/psnfss/times.sty
Package: times 2020/03/25 PSNFSS-v9.3 (SPQR) 
)
(/usr/share/texlive/texmf-dist/tex/latex/base/latexsym.sty
Package: latexsym 1998/08/17 v2.2e Standard LaTeX package (lasy symbols)
\symlasy=\mathgroup4
LaTeX Font Info:    Overwriting symbol font `lasy' in version `bold'
(Font)                  U/lasy/m/n --> U/lasy/b/n on input line 52.
)
(/usr/share/texlive/texmf-dist/tex/latex/microtype/microtype.sty
Package: microtype 2021/12/10 v3.0b Micro-typographical refinements (RS)

(/usr/share/texlive/texmf-dist/tex/latex/etoolbox/etoolbox.sty
Package: etoolbox 2020/10/05 v2.5k e-TeX tools for LaTeX (JAW)
\etb@tempcnta=\count277
)
\MT@toks=\toks17
\MT@count=\count278
\MT@tempbox=\box52
LaTeX Info: Redefining \leftprotrusion on input line 1010.
LaTeX Info: Redefining \rightprotrusion on input line 1018.
LaTeX Info: Redefining \textls on input line 1173.
\MT@outer@kern=\dimen153
LaTeX Info: Redefining \textmicrotypecontext on input line 1759.
\MT@listname@count=\count279

(/usr/share/texlive/texmf-dist/tex/latex/microtype/microtype-pdftex.def
File: microtype-pdftex.def 2021/12/10 v3.0b Definitions specific to pdftex (RS)

LaTeX Info: Redefining \lsstyle on input line 897.
LaTeX Info: Redefining \lslig on input line 897.
\MT@outer@space=\skip53
)
Package microtype Info: Loading configuration file microtype.cfg.

(/usr/share/texlive/texmf-dist/tex/latex/microtype/microtype.cfg
File: microtype.cfg 2021/12/10 v3.0b microtype main configuration file (RS)
))
(/usr/share/texlive/texmf-dist/tex/latex/listings/listings.sty
\lst@mode=\count280
\lst@gtempboxa=\box53
\lst@token=\toks18
\lst@length=\count281
\lst@currlwidth=\dimen154
\lst@column=\count282
\lst@pos=\count283
\lst@lostspace=\dimen155
\lst@width=\dimen156
\lst@newlines=\count284
\lst@lineno=\count285
\lst@maxwidth=\dimen157

(/usr/share/texlive/texmf-dist/tex/latex/listings/lstmisc.sty
File: lstmisc.sty 2020/03/24 1.8d (Carsten Heinz)
\c@lstnumber=\count286
\lst@skipnumbers=\count287
\lst@framebox=\box54
)
(/usr/share/texlive/texmf-dist/tex/latex/listings/listings.cfg
File: listings.cfg 2020/03/24 1.8d listings configuration
))
Package: listings 2020/03/24 1.8d (Carsten Heinz)
LaTeX Font Info:    Trying to load font information for OT1+ptm on input line 2
7.

(/usr/share/texlive/texmf-dist/tex/latex/psnfss/ot1ptm.fd
File: ot1ptm.fd 2001/06/04 font definitions for OT1/ptm.
)
(/usr/share/texlive/texmf-dist/tex/latex/l3backend/l3backend-pdftex.def
File: l3backend-pdftex.def 2022-01-12 L3 backend support: PDF output (pdfTeX)
\l__color_backend_stack_int=\count288
\l__pdf_internal_box=\box55
)
(./main_camera_ready.aux)
\openout1 = `main_camera_ready.aux'.

LaTeX Font Info:    Checking defaults for OML/cmm/m/it on input line 27.
LaTeX Font Info:    ... okay on input line 27.
LaTeX Font Info:    Checking defaults for OMS/cmsy/m/n on input line 27.
LaTeX Font Info:    ... okay on input line 27.
LaTeX Font Info:    Checking defaults for OT1/cmr/m/n on input line 27.
LaTeX Font Info:    ... okay on input line 27.
LaTeX Font Info:    Checking defaults for T1/cmr/m/n on input line 27.
LaTeX Font Info:    ... okay on input line 27.
LaTeX Font Info:    Checking defaults for TS1/cmr/m/n on input line 27.
LaTeX Font Info:    ... okay on input line 27.
LaTeX Font Info:    Checking defaults for OMX/cmex/m/n on input line 27.
LaTeX Font Info:    ... okay on input line 27.
LaTeX Font Info:    Checking defaults for U/cmr/m/n on input line 27.
LaTeX Font Info:    ... okay on input line 27.
LaTeX Font Info:    Checking defaults for PD1/pdf/m/n on input line 27.
LaTeX Font Info:    ... okay on input line 27.
LaTeX Font Info:    Checking defaults for PU/pdf/m/n on input line 27.
LaTeX Font Info:    ... okay on input line 27.
Package hyperref Info: Link coloring ON on input line 27.

(/usr/share/texlive/texmf-dist/tex/latex/hyperref/nameref.sty
Package: nameref 2021-04-02 v2.47 Cross-referencing by name of section

(/usr/share/texlive/texmf-dist/tex/latex/refcount/refcount.sty
Package: refcount 2019/12/15 v3.6 Data extraction from label references (HO)
)
(/usr/share/texlive/texmf-dist/tex/generic/gettitlestring/gettitlestring.sty
Package: gettitlestring 2019/12/15 v1.6 Cleanup title references (HO)
)
\c@section@level=\count289
)
LaTeX Info: Redefining \ref on input line 27.
LaTeX Info: Redefining \pageref on input line 27.
LaTeX Info: Redefining \nameref on input line 27.

(./main_camera_ready.out) (./main_camera_ready.out)
\@outlinefile=\write3
\openout3 = `main_camera_ready.out'.


(/usr/share/texlive/texmf-dist/tex/context/base/mkii/supp-pdf.mkii
[Loading MPS to PDF converter (version 2006.09.02).]
\scratchcounter=\count290
\scratchdimen=\dimen158
\scratchbox=\box56
\nofMPsegments=\count291
\nofMParguments=\count292
\everyMPshowfont=\toks19
\MPscratchCnt=\count293
\MPscratchDim=\dimen159
\MPnumerator=\count294
\makeMPintoPDFobject=\count295
\everyMPtoPDFconversion=\toks20
) ABD: EveryShipout initializing macros
Package caption Info: Begin \AtBeginDocument code.
Package caption Info: listings package is loaded.
Package caption Info: End \AtBeginDocument code.
LaTeX Info: Redefining \microtypecontext on input line 27.
Package microtype Info: Applying patch `item' on input line 27.
Package microtype Info: Applying patch `toc' on input line 27.
Package microtype Info: Applying patch `eqnum' on input line 27.
Package microtype Info: Applying patch `footnote' on input line 27.
Package microtype Info: Generating PDF output.
Package microtype Info: Character protrusion enabled (level 2).
Package microtype Info: Using default protrusion set `alltext'.
Package microtype Info: Automatic font expansion enabled (level 2),
(microtype)             stretch: 20, shrink: 20, step: 1, non-selected.
Package microtype Info: Using default expansion set `alltext-nott'.
LaTeX Info: Redefining \showhyphens on input line 27.
Package microtype Info: No adjustment of tracking.
Package microtype Info: No adjustment of interword spacing.
Package microtype Info: No adjustment of character kerning.

(/usr/share/texlive/texmf-dist/tex/latex/microtype/mt-ptm.cfg
File: mt-ptm.cfg 2006/04/20 v1.7 microtype config. file: Times (RS)
)
\c@lstlisting=\count296

(/usr/share/texlive/texmf-dist/tex/latex/microtype/mt-cmr.cfg
File: mt-cmr.cfg 2013/05/19 v2.2 microtype config. file: Computer Modern Roman 
(RS)
)
LaTeX Font Info:    External font `cmex10' loaded for size
(Font)              <12> on input line 28.
LaTeX Font Info:    External font `cmex10' loaded for size
(Font)              <8> on input line 28.
LaTeX Font Info:    External font `cmex10' loaded for size
(Font)              <6> on input line 28.
LaTeX Font Info:    Trying to load font information for U+lasy on input line 28
.

(/usr/share/texlive/texmf-dist/tex/latex/base/ulasy.fd
File: ulasy.fd 1998/08/17 v2.2e LaTeX symbol font definitions
)
LaTeX Font Info:    Trying to load font information for OT1+pcr on input line 2
8.

(/usr/share/texlive/texmf-dist/tex/latex/psnfss/ot1pcr.fd
File: ot1pcr.fd 2001/06/04 font definitions for OT1/pcr.
)
Package microtype Info: Loading generic protrusion settings for font family
(microtype)             `pcr' (encoding: OT1).
(microtype)             For optimal results, create family-specific settings.
(microtype)             See the microtype manual for details.
LaTeX Font Info:    External font `cmex10' loaded for size
(Font)              <10.95> on input line 56.

Overfull \hbox (95.20372pt too wide) in paragraph at lines 56--65
 [][] 
 []

[1{/var/lib/texmf/fonts/map/pdftex/updmap/pdftex.map}



]
Overfull \hbox (11.02321pt too wide) in paragraph at lines 90--98
 [][] 
 []


Underfull \hbox (badness 10000) in paragraph at lines 103--106
\OT1/ptm/m/n/10.95 (+20) Code and scripts are avail-able at
 []


Underfull \hbox (badness 10000) in paragraph at lines 103--106
[][]\OT1/ptm/m/n/10.95 (+20) github.com/Kevindic0214/FSR-Challenge-
 []


Overfull \hbox (14.2136pt too wide) in paragraph at lines 110--111
[][][][][][][][][][][] 
 []


! LaTeX Error: Unicode character å¤§ (U+5927)
               not set up for use with LaTeX.

See the LaTeX manual or LaTeX Companion for explanation.
Type  H <return>  for immediate help.
 ...                                              
                                                  
l.135 \emph{(003jh5p8hd.wav)} ref: å¤§
                                      å®¶æ”ç„¡ä»°å­\textbf{å—¬}éš¨æ‹ä½ äº...

You may provide a definition with
\DeclareUnicodeCharacter 


! LaTeX Error: Unicode character å®¶ (U+5BB6)
               not set up for use with LaTeX.

See the LaTeX manual or LaTeX Companion for explanation.
Type  H <return>  for immediate help.
 ...                                              
                                                  
l.135 \emph{(003jh5p8hd.wav)} ref: å¤§å®¶
                                         æ”ç„¡ä»°å­\textbf{å—¬}éš¨æ‹ä½ äº...

You may provide a definition with
\DeclareUnicodeCharacter 


! LaTeX Error: Unicode character æ” (U+650F)
               not set up for use with LaTeX.

See the LaTeX manual or LaTeX Companion for explanation.
Type  H <return>  for immediate help.
 ...                                              
                                                  
l.135 \emph{(003jh5p8hd.wav)} ref: å¤§å®¶æ”
                                            ç„¡ä»°å­\textbf{å—¬}éš¨æ‹ä½ äº...

You may provide a definition with
\DeclareUnicodeCharacter 


! LaTeX Error: Unicode character ç„¡ (U+7121)
               not set up for use with LaTeX.

See the LaTeX manual or LaTeX Companion for explanation.
Type  H <return>  for immediate help.
 ...                                              
                                                  
l.135 \emph{(003jh5p8hd.wav)} ref: å¤§å®¶æ”ç„¡
                                               ä»°å­\textbf{å—¬}éš¨æ‹ä½ äº...

You may provide a definition with
\DeclareUnicodeCharacter 


! LaTeX Error: Unicode character ä»° (U+4EF0)
               not set up for use with LaTeX.

See the LaTeX manual or LaTeX Companion for explanation.
Type  H <return>  for immediate help.
 ...                                              
                                                  
l.135 \emph{(003jh5p8hd.wav)} ref: å¤§å®¶æ”ç„¡ä»°
                                                  å­\textbf{å—¬}éš¨æ‹ä½ äº...

You may provide a definition with
\DeclareUnicodeCharacter 


! LaTeX Error: Unicode character å­ (U+5B50)
               not set up for use with LaTeX.

See the LaTeX manual or LaTeX Companion for explanation.
Type  H <return>  for immediate help.
 ...                                              
                                                  
l.135 ...(003jh5p8hd.wav)} ref: å¤§å®¶æ”ç„¡ä»°å­
                                                  \textbf{å—¬}éš¨æ‹ä½ äººæ•...

You may provide a definition with
\DeclareUnicodeCharacter 


! LaTeX Error: Unicode character å—¬ (U+55EC)
               not set up for use with LaTeX.

See the LaTeX manual or LaTeX Companion for explanation.
Type  H <return>  for immediate help.
 ...                                              
                                                  
l.135 ...wav)} ref: å¤§å®¶æ”ç„¡ä»°å­\textbf{å—¬}
                                                  éš¨æ‹ä½ äººæ•‘å‡ºå»; hyp...

You may provide a definition with
\DeclareUnicodeCharacter 


! LaTeX Error: Unicode character éš¨ (U+96A8)
               not set up for use with LaTeX.

See the LaTeX manual or LaTeX Companion for explanation.
Type  H <return>  for immediate help.
 ...                                              
                                                  
l.135 ...)} ref: å¤§å®¶æ”ç„¡ä»°å­\textbf{å—¬}éš¨
                                                  æ‹ä½ äººæ•‘å‡ºå»; hyp: å...

You may provide a definition with
\DeclareUnicodeCharacter 


! LaTeX Error: Unicode character æ‹ (U+62C1)
               not set up for use with LaTeX.

See the LaTeX manual or LaTeX Companion for explanation.
Type  H <return>  for immediate help.
 ...                                              
                                                  
l.135 ...ref: å¤§å®¶æ”ç„¡ä»°å­\textbf{å—¬}éš¨æ‹
                                                  ä½ äººæ•‘å‡ºå»; hyp: å¤§å...

You may provide a definition with
\DeclareUnicodeCharacter 


! LaTeX Error: Unicode character ä½  (U+4F60)
               not set up for use with LaTeX.

See the LaTeX manual or LaTeX Companion for explanation.
Type  H <return>  for immediate help.
 ...                                              
                                                  
l.135 ...: å¤§å®¶æ”ç„¡ä»°å­\textbf{å—¬}éš¨æ‹ä½ 
                                                  äººæ•‘å‡ºå»; hyp: å¤§å®¶æ...

You may provide a definition with
\DeclareUnicodeCharacter 


! LaTeX Error: Unicode character äºº (U+4EBA)
               not set up for use with LaTeX.

See the LaTeX manual or LaTeX Companion for explanation.
Type  H <return>  for immediate help.
 ...                                              
                                                  
l.135 ...¤§å®¶æ”ç„¡ä»°å­\textbf{å—¬}éš¨æ‹ä½ äºº
                                                  æ•‘å‡ºå»; hyp: å¤§å®¶æ”ç...

You may provide a definition with
\DeclareUnicodeCharacter 


! LaTeX Error: Unicode character æ•‘ (U+6551)
               not set up for use with LaTeX.

See the LaTeX manual or LaTeX Companion for explanation.
Type  H <return>  for immediate help.
 ...                                              
                                                  
l.135 ...®¶æ”ç„¡ä»°å­\textbf{å—¬}éš¨æ‹ä½ äººæ•‘
                                                  å‡ºå»; hyp: å¤§å®¶æ”ç„¡ä...

You may provide a definition with
\DeclareUnicodeCharacter 


! LaTeX Error: Unicode character å‡º (U+51FA)
               not set up for use with LaTeX.

See the LaTeX manual or LaTeX Companion for explanation.
Type  H <return>  for immediate help.
 ...                                              
                                                  
l.135 ...”ç„¡ä»°å­\textbf{å—¬}éš¨æ‹ä½ äººæ•‘å‡º
                                                  å»; hyp: å¤§å®¶æ”ç„¡ä»°å...

You may provide a definition with
\DeclareUnicodeCharacter 


! LaTeX Error: Unicode character å» (U+53BB)
               not set up for use with LaTeX.

See the LaTeX manual or LaTeX Companion for explanation.
Type  H <return>  for immediate help.
 ...                                              
                                                  
l.135 ...„¡ä»°å­\textbf{å—¬}éš¨æ‹ä½ äººæ•‘å‡ºå»
                                                  ; hyp: å¤§å®¶æ”ç„¡ä»°å­\...

You may provide a definition with
\DeclareUnicodeCharacter 


! LaTeX Error: Unicode character å¤§ (U+5927)
               not set up for use with LaTeX.

See the LaTeX manual or LaTeX Companion for explanation.
Type  H <return>  for immediate help.
 ...                                              
                                                  
l.135 ...extbf{å—¬}éš¨æ‹ä½ äººæ•‘å‡ºå»; hyp: å¤§
                                                  å®¶æ”ç„¡ä»°å­\textbf{é …...

You may provide a definition with
\DeclareUnicodeCharacter 


! LaTeX Error: Unicode character å®¶ (U+5BB6)
               not set up for use with LaTeX.

See the LaTeX manual or LaTeX Companion for explanation.
Type  H <return>  for immediate help.
 ...                                              
                                                  
l.135 ...bf{å—¬}éš¨æ‹ä½ äººæ•‘å‡ºå»; hyp: å¤§å®¶
                                                  æ”ç„¡ä»°å­\textbf{é …}éš...

You may provide a definition with
\DeclareUnicodeCharacter 


! LaTeX Error: Unicode character æ” (U+650F)
               not set up for use with LaTeX.

See the LaTeX manual or LaTeX Companion for explanation.
Type  H <return>  for immediate help.
 ...                                              
                                                  
l.135 ...å—¬}éš¨æ‹ä½ äººæ•‘å‡ºå»; hyp: å¤§å®¶æ”
                                                  ç„¡ä»°å­\textbf{é …}éš¨æ‹...

You may provide a definition with
\DeclareUnicodeCharacter 


! LaTeX Error: Unicode character ç„¡ (U+7121)
               not set up for use with LaTeX.

See the LaTeX manual or LaTeX Companion for explanation.
Type  H <return>  for immediate help.
 ...                                              
                                                  
l.135 ...}éš¨æ‹ä½ äººæ•‘å‡ºå»; hyp: å¤§å®¶æ”ç„¡
                                                  ä»°å­\textbf{é …}éš¨æ‹ä½...

You may provide a definition with
\DeclareUnicodeCharacter 


! LaTeX Error: Unicode character ä»° (U+4EF0)
               not set up for use with LaTeX.

See the LaTeX manual or LaTeX Companion for explanation.
Type  H <return>  for immediate help.
 ...                                              
                                                  
l.135 ...¨æ‹ä½ äººæ•‘å‡ºå»; hyp: å¤§å®¶æ”ç„¡ä»°
                                                  å­\textbf{é …}éš¨æ‹ä½ ç ...

You may provide a definition with
\DeclareUnicodeCharacter 


! LaTeX Error: Unicode character å­ (U+5B50)
               not set up for use with LaTeX.

See the LaTeX manual or LaTeX Companion for explanation.
Type  H <return>  for immediate help.
 ...                                              
                                                  
l.135 ...ä½ äººæ•‘å‡ºå»; hyp: å¤§å®¶æ”ç„¡ä»°å­
                                                  \textbf{é …}éš¨æ‹ä½ ç ”ç©...

You may provide a definition with
\DeclareUnicodeCharacter 


! LaTeX Error: Unicode character é … (U+9805)
               not set up for use with LaTeX.

See the LaTeX manual or LaTeX Companion for explanation.
Type  H <return>  for immediate help.
 ...                                              
                                                  
l.135 ...ºå»; hyp: å¤§å®¶æ”ç„¡ä»°å­\textbf{é …}
                                                  éš¨æ‹ä½ ç ”ç©¶å‡ºå».\\
You may provide a definition with
\DeclareUnicodeCharacter 


! LaTeX Error: Unicode character éš¨ (U+96A8)
               not set up for use with LaTeX.

See the LaTeX manual or LaTeX Companion for explanation.
Type  H <return>  for immediate help.
 ...                                              
                                                  
l.135 ...»; hyp: å¤§å®¶æ”ç„¡ä»°å­\textbf{é …}éš¨
                                                  æ‹ä½ ç ”ç©¶å‡ºå».\\
You may provide a definition with
\DeclareUnicodeCharacter 


! LaTeX Error: Unicode character æ‹ (U+62C1)
               not set up for use with LaTeX.

See the LaTeX manual or LaTeX Companion for explanation.
Type  H <return>  for immediate help.
 ...                                              
                                                  
l.135 ...hyp: å¤§å®¶æ”ç„¡ä»°å­\textbf{é …}éš¨æ‹
                                                  ä½ ç ”ç©¶å‡ºå».\\
You may provide a definition with
\DeclareUnicodeCharacter 


! LaTeX Error: Unicode character ä½  (U+4F60)
               not set up for use with LaTeX.

See the LaTeX manual or LaTeX Companion for explanation.
Type  H <return>  for immediate help.
 ...                                              
                                                  
l.135 ...: å¤§å®¶æ”ç„¡ä»°å­\textbf{é …}éš¨æ‹ä½ 
                                                  ç ”ç©¶å‡ºå».\\
You may provide a definition with
\DeclareUnicodeCharacter 


! LaTeX Error: Unicode character ç ” (U+7814)
               not set up for use with LaTeX.

See the LaTeX manual or LaTeX Companion for explanation.
Type  H <return>  for immediate help.
 ...                                              
                                                  
l.135 ...¤§å®¶æ”ç„¡ä»°å­\textbf{é …}éš¨æ‹ä½ ç ”
                                                  ç©¶å‡ºå».\\
You may provide a definition with
\DeclareUnicodeCharacter 


! LaTeX Error: Unicode character ç©¶ (U+7A76)
               not set up for use with LaTeX.

See the LaTeX manual or LaTeX Companion for explanation.
Type  H <return>  for immediate help.
 ...                                              
                                                  
l.135 ...®¶æ”ç„¡ä»°å­\textbf{é …}éš¨æ‹ä½ ç ”ç©¶
                                                  å‡ºå».\\
You may provide a definition with
\DeclareUnicodeCharacter 


! LaTeX Error: Unicode character å‡º (U+51FA)
               not set up for use with LaTeX.

See the LaTeX manual or LaTeX Companion for explanation.
Type  H <return>  for immediate help.
 ...                                              
                                                  
l.135 ...”ç„¡ä»°å­\textbf{é …}éš¨æ‹ä½ ç ”ç©¶å‡º
                                                  å».\\
You may provide a definition with
\DeclareUnicodeCharacter 


! LaTeX Error: Unicode character å» (U+53BB)
               not set up for use with LaTeX.

See the LaTeX manual or LaTeX Companion for explanation.
Type  H <return>  for immediate help.
 ...                                              
                                                  
l.135 ...„¡ä»°å­\textbf{é …}éš¨æ‹ä½ ç ”ç©¶å‡ºå»
                                                  .\\
You may provide a definition with
\DeclareUnicodeCharacter 


! LaTeX Error: Unicode character é£Ÿ (U+98DF)
               not set up for use with LaTeX.

See the LaTeX manual or LaTeX Companion for explanation.
Type  H <return>  for immediate help.
 ...                                              
                                                  
l.136 \emph{(03qw9gfad7.wav)} ref: é£Ÿ
                                      \textbf{è‘—}å¹¾éš»è‰èœ¢\textbf{ä¹œå¥½...

You may provide a definition with
\DeclareUnicodeCharacter 


! LaTeX Error: Unicode character è‘— (U+8457)
               not set up for use with LaTeX.

See the LaTeX manual or LaTeX Companion for explanation.
Type  H <return>  for immediate help.
 ...                                              
                                                  
l.136 \emph{(03qw9gfad7.wav)} ref: é£Ÿ\textbf{è‘—}
                                                  å¹¾éš»è‰èœ¢\textbf{ä¹œå¥½...

You may provide a definition with
\DeclareUnicodeCharacter 


! LaTeX Error: Unicode character å¹¾ (U+5E7E)
               not set up for use with LaTeX.

See the LaTeX manual or LaTeX Companion for explanation.
Type  H <return>  for immediate help.
 ...                                              
                                                  
l.136 ...(03qw9gfad7.wav)} ref: é£Ÿ\textbf{è‘—}å¹¾
                                                  éš»è‰èœ¢\textbf{ä¹œå¥½å•Š...

You may provide a definition with
\DeclareUnicodeCharacter 


! LaTeX Error: Unicode character éš» (U+96BB)
               not set up for use with LaTeX.

See the LaTeX manual or LaTeX Companion for explanation.
Type  H <return>  for immediate help.
 ...                                              
                                                  
l.136 ...qw9gfad7.wav)} ref: é£Ÿ\textbf{è‘—}å¹¾éš»
                                                  è‰èœ¢\textbf{ä¹œå¥½å•Š}; ...

You may provide a definition with
\DeclareUnicodeCharacter 


! LaTeX Error: Unicode character è‰ (U+8349)
               not set up for use with LaTeX.

See the LaTeX manual or LaTeX Companion for explanation.
Type  H <return>  for immediate help.
 ...                                              
                                                  
l.136 ...gfad7.wav)} ref: é£Ÿ\textbf{è‘—}å¹¾éš»è‰
                                                  èœ¢\textbf{ä¹œå¥½å•Š}; hyp...

You may provide a definition with
\DeclareUnicodeCharacter 


! LaTeX Error: Unicode character èœ¢ (U+8722)
               not set up for use with LaTeX.

See the LaTeX manual or LaTeX Companion for explanation.
Type  H <return>  for immediate help.
 ...                                              
                                                  
l.136 ...d7.wav)} ref: é£Ÿ\textbf{è‘—}å¹¾éš»è‰èœ¢
                                                  \textbf{ä¹œå¥½å•Š}; hyp: é...

You may provide a definition with
\DeclareUnicodeCharacter 


! LaTeX Error: Unicode character ä¹œ (U+4E5C)
               not set up for use with LaTeX.

See the LaTeX manual or LaTeX Companion for explanation.
Type  H <return>  for immediate help.
 ...                                              
                                                  
l.136 ...textbf{è‘—}å¹¾éš»è‰èœ¢\textbf{ä¹œå¥½å•Š}
                                                  ; hyp: é£Ÿ\textbf{åˆ°ä½¢}é...

You may provide a definition with
\DeclareUnicodeCharacter 


! LaTeX Error: Unicode character å¥½ (U+597D)
               not set up for use with LaTeX.

See the LaTeX manual or LaTeX Companion for explanation.
Type  H <return>  for immediate help.
 ...                                              
                                                  
l.136 ...textbf{è‘—}å¹¾éš»è‰èœ¢\textbf{ä¹œå¥½å•Š}
                                                  ; hyp: é£Ÿ\textbf{åˆ°ä½¢}é...

You may provide a definition with
\DeclareUnicodeCharacter 


! LaTeX Error: Unicode character å•Š (U+554A)
               not set up for use with LaTeX.

See the LaTeX manual or LaTeX Companion for explanation.
Type  H <return>  for immediate help.
 ...                                              
                                                  
l.136 ...textbf{è‘—}å¹¾éš»è‰èœ¢\textbf{ä¹œå¥½å•Š}
                                                  ; hyp: é£Ÿ\textbf{åˆ°ä½¢}é...

You may provide a definition with
\DeclareUnicodeCharacter 


! LaTeX Error: Unicode character é£Ÿ (U+98DF)
               not set up for use with LaTeX.

See the LaTeX manual or LaTeX Companion for explanation.
Type  H <return>  for immediate help.
 ...                                              
                                                  
l.136 ...}å¹¾éš»è‰èœ¢\textbf{ä¹œå¥½å•Š}; hyp: é£Ÿ
                                                  \textbf{åˆ°ä½¢}éš»è‰èœ¢\t...

You may provide a definition with
\DeclareUnicodeCharacter 


! LaTeX Error: Unicode character åˆ° (U+5230)
               not set up for use with LaTeX.

See the LaTeX manual or LaTeX Companion for explanation.
Type  H <return>  for immediate help.
 ...                                              
                                                  
l.136 ...extbf{ä¹œå¥½å•Š}; hyp: é£Ÿ\textbf{åˆ°ä½¢}
                                                  éš»è‰èœ¢\textbf{æ¯‹æœƒå¥½...

You may provide a definition with
\DeclareUnicodeCharacter 


! LaTeX Error: Unicode character ä½¢ (U+4F62)
               not set up for use with LaTeX.

See the LaTeX manual or LaTeX Companion for explanation.
Type  H <return>  for immediate help.
 ...                                              
                                                  
l.136 ...extbf{ä¹œå¥½å•Š}; hyp: é£Ÿ\textbf{åˆ°ä½¢}
                                                  éš»è‰èœ¢\textbf{æ¯‹æœƒå¥½...

You may provide a definition with
\DeclareUnicodeCharacter 


! LaTeX Error: Unicode character éš» (U+96BB)
               not set up for use with LaTeX.

See the LaTeX manual or LaTeX Companion for explanation.
Type  H <return>  for immediate help.
 ...                                              
                                                  
l.136 ...bf{ä¹œå¥½å•Š}; hyp: é£Ÿ\textbf{åˆ°ä½¢}éš»
                                                  è‰èœ¢\textbf{æ¯‹æœƒå¥½å•Š...

You may provide a definition with
\DeclareUnicodeCharacter 


! LaTeX Error: Unicode character è‰ (U+8349)
               not set up for use with LaTeX.

See the LaTeX manual or LaTeX Companion for explanation.
Type  H <return>  for immediate help.
 ...                                              
                                                  
l.136 ...ä¹œå¥½å•Š}; hyp: é£Ÿ\textbf{åˆ°ä½¢}éš»è‰
                                                  èœ¢\textbf{æ¯‹æœƒå¥½å•Š}.\\
You may provide a definition with
\DeclareUnicodeCharacter 


! LaTeX Error: Unicode character èœ¢ (U+8722)
               not set up for use with LaTeX.

See the LaTeX manual or LaTeX Companion for explanation.
Type  H <return>  for immediate help.
 ...                                              
                                                  
l.136 ...å¥½å•Š}; hyp: é£Ÿ\textbf{åˆ°ä½¢}éš»è‰èœ¢
                                                  \textbf{æ¯‹æœƒå¥½å•Š}.\\
You may provide a definition with
\DeclareUnicodeCharacter 


! LaTeX Error: Unicode character æ¯‹ (U+6BCB)
               not set up for use with LaTeX.

See the LaTeX manual or LaTeX Companion for explanation.
Type  H <return>  for immediate help.
 ...                                              
                                                  
l.136 ...tbf{åˆ°ä½¢}éš»è‰èœ¢\textbf{æ¯‹æœƒå¥½å•Š}
                                                  .\\
You may provide a definition with
\DeclareUnicodeCharacter 


! LaTeX Error: Unicode character æœƒ (U+6703)
               not set up for use with LaTeX.

See the LaTeX manual or LaTeX Companion for explanation.
Type  H <return>  for immediate help.
 ...                                              
                                                  
l.136 ...tbf{åˆ°ä½¢}éš»è‰èœ¢\textbf{æ¯‹æœƒå¥½å•Š}
                                                  .\\
You may provide a definition with
\DeclareUnicodeCharacter 


! LaTeX Error: Unicode character å¥½ (U+597D)
               not set up for use with LaTeX.

See the LaTeX manual or LaTeX Companion for explanation.
Type  H <return>  for immediate help.
 ...                                              
                                                  
l.136 ...tbf{åˆ°ä½¢}éš»è‰èœ¢\textbf{æ¯‹æœƒå¥½å•Š}
                                                  .\\
You may provide a definition with
\DeclareUnicodeCharacter 


! LaTeX Error: Unicode character å•Š (U+554A)
               not set up for use with LaTeX.

See the LaTeX manual or LaTeX Companion for explanation.
Type  H <return>  for immediate help.
 ...                                              
                                                  
l.136 ...tbf{åˆ°ä½¢}éš»è‰èœ¢\textbf{æ¯‹æœƒå¥½å•Š}
                                                  .\\
You may provide a definition with
\DeclareUnicodeCharacter 


! LaTeX Error: Unicode character é€™ (U+9019)
               not set up for use with LaTeX.

See the LaTeX manual or LaTeX Companion for explanation.
Type  H <return>  for immediate help.
 ...                                              
                                                  
l.137 \emph{(04qied7gz8.wav)} ref: \dots é€™
                                            å…œ\textbf{åœ°å‹•ç„¡å¹¾è‘—å‘¢}è...

You may provide a definition with
\DeclareUnicodeCharacter 


! LaTeX Error: Unicode character å…œ (U+515C)
               not set up for use with LaTeX.

See the LaTeX manual or LaTeX Companion for explanation.
Type  H <return>  for immediate help.
 ...                                              
                                                  
l.137 \emph{(04qied7gz8.wav)} ref: \dots é€™å…œ
                                               \textbf{åœ°å‹•ç„¡å¹¾è‘—å‘¢}è...

You may provide a definition with
\DeclareUnicodeCharacter 


! LaTeX Error: Unicode character åœ° (U+5730)
               not set up for use with LaTeX.

See the LaTeX manual or LaTeX Companion for explanation.
Type  H <return>  for immediate help.
 ...                                              
                                                  
l.137 ...: \dots é€™å…œ\textbf{åœ°å‹•ç„¡å¹¾è‘—å‘¢}
                                                  èŠé ­\dots; hyp: \dots é€...

You may provide a definition with
\DeclareUnicodeCharacter 


! LaTeX Error: Unicode character å‹• (U+52D5)
               not set up for use with LaTeX.

See the LaTeX manual or LaTeX Companion for explanation.
Type  H <return>  for immediate help.
 ...                                              
                                                  
l.137 ...: \dots é€™å…œ\textbf{åœ°å‹•ç„¡å¹¾è‘—å‘¢}
                                                  èŠé ­\dots; hyp: \dots é€...

You may provide a definition with
\DeclareUnicodeCharacter 


! LaTeX Error: Unicode character ç„¡ (U+7121)
               not set up for use with LaTeX.

See the LaTeX manual or LaTeX Companion for explanation.
Type  H <return>  for immediate help.
 ...                                              
                                                  
l.137 ...: \dots é€™å…œ\textbf{åœ°å‹•ç„¡å¹¾è‘—å‘¢}
                                                  èŠé ­\dots; hyp: \dots é€...

You may provide a definition with
\DeclareUnicodeCharacter 


! LaTeX Error: Unicode character å¹¾ (U+5E7E)
               not set up for use with LaTeX.

See the LaTeX manual or LaTeX Companion for explanation.
Type  H <return>  for immediate help.
 ...                                              
                                                  
l.137 ...: \dots é€™å…œ\textbf{åœ°å‹•ç„¡å¹¾è‘—å‘¢}
                                                  èŠé ­\dots; hyp: \dots é€...

You may provide a definition with
\DeclareUnicodeCharacter 


! LaTeX Error: Unicode character è‘— (U+8457)
               not set up for use with LaTeX.

See the LaTeX manual or LaTeX Companion for explanation.
Type  H <return>  for immediate help.
 ...                                              
                                                  
l.137 ...: \dots é€™å…œ\textbf{åœ°å‹•ç„¡å¹¾è‘—å‘¢}
                                                  èŠé ­\dots; hyp: \dots é€...

You may provide a definition with
\DeclareUnicodeCharacter 


! LaTeX Error: Unicode character å‘¢ (U+5462)
               not set up for use with LaTeX.

See the LaTeX manual or LaTeX Companion for explanation.
Type  H <return>  for immediate help.
 ...                                              
                                                  
l.137 ...: \dots é€™å…œ\textbf{åœ°å‹•ç„¡å¹¾è‘—å‘¢}
                                                  èŠé ­\dots; hyp: \dots é€...

You may provide a definition with
\DeclareUnicodeCharacter 


! LaTeX Error: Unicode character èŠ (U+838A)
               not set up for use with LaTeX.

See the LaTeX manual or LaTeX Companion for explanation.
Type  H <return>  for immediate help.
 ...                                              
                                                  
l.137 ...dots é€™å…œ\textbf{åœ°å‹•ç„¡å¹¾è‘—å‘¢}èŠ
                                                  é ­\dots; hyp: \dots é€™å…...

You may provide a definition with
\DeclareUnicodeCharacter 


! LaTeX Error: Unicode character é ­ (U+982D)
               not set up for use with LaTeX.

See the LaTeX manual or LaTeX Companion for explanation.
Type  H <return>  for immediate help.
 ...                                              
                                                  
l.137 ...s é€™å…œ\textbf{åœ°å‹•ç„¡å¹¾è‘—å‘¢}èŠé ­
                                                  \dots; hyp: \dots é€™å…œ\t...

You may provide a definition with
\DeclareUnicodeCharacter 


! LaTeX Error: Unicode character é€™ (U+9019)
               not set up for use with LaTeX.

See the LaTeX manual or LaTeX Companion for explanation.
Type  H <return>  for immediate help.
 ...                                              
                                                  
l.137 ...•ç„¡å¹¾è‘—å‘¢}èŠé ­\dots; hyp: \dots é€™
                                                  å…œ\textbf{åœ°åœ–ç„¡å¹¾è‡­...

You may provide a definition with
\DeclareUnicodeCharacter 


! LaTeX Error: Unicode character å…œ (U+515C)
               not set up for use with LaTeX.

See the LaTeX manual or LaTeX Companion for explanation.
Type  H <return>  for immediate help.
 ...                                              
                                                  
l.137 ...¡å¹¾è‘—å‘¢}èŠé ­\dots; hyp: \dots é€™å…œ
                                                  \textbf{åœ°åœ–ç„¡å¹¾è‡­å‘¢...

You may provide a definition with
\DeclareUnicodeCharacter 


! LaTeX Error: Unicode character åœ° (U+5730)
               not set up for use with LaTeX.

See the LaTeX manual or LaTeX Companion for explanation.
Type  H <return>  for immediate help.
 ...                                              
                                                  
l.137 ...dots é€™å…œ\textbf{åœ°åœ–ç„¡å¹¾è‡­å‘¢å•Š}
                                                  èŠé ­\dots
You may provide a definition with
\DeclareUnicodeCharacter 


! LaTeX Error: Unicode character åœ– (U+5716)
               not set up for use with LaTeX.

See the LaTeX manual or LaTeX Companion for explanation.
Type  H <return>  for immediate help.
 ...                                              
                                                  
l.137 ...dots é€™å…œ\textbf{åœ°åœ–ç„¡å¹¾è‡­å‘¢å•Š}
                                                  èŠé ­\dots
You may provide a definition with
\DeclareUnicodeCharacter 


! LaTeX Error: Unicode character ç„¡ (U+7121)
               not set up for use with LaTeX.

See the LaTeX manual or LaTeX Companion for explanation.
Type  H <return>  for immediate help.
 ...                                              
                                                  
l.137 ...dots é€™å…œ\textbf{åœ°åœ–ç„¡å¹¾è‡­å‘¢å•Š}
                                                  èŠé ­\dots
You may provide a definition with
\DeclareUnicodeCharacter 


! LaTeX Error: Unicode character å¹¾ (U+5E7E)
               not set up for use with LaTeX.

See the LaTeX manual or LaTeX Companion for explanation.
Type  H <return>  for immediate help.
 ...                                              
                                                  
l.137 ...dots é€™å…œ\textbf{åœ°åœ–ç„¡å¹¾è‡­å‘¢å•Š}
                                                  èŠé ­\dots
You may provide a definition with
\DeclareUnicodeCharacter 


! LaTeX Error: Unicode character è‡­ (U+81ED)
               not set up for use with LaTeX.

See the LaTeX manual or LaTeX Companion for explanation.
Type  H <return>  for immediate help.
 ...                                              
                                                  
l.137 ...dots é€™å…œ\textbf{åœ°åœ–ç„¡å¹¾è‡­å‘¢å•Š}
                                                  èŠé ­\dots
You may provide a definition with
\DeclareUnicodeCharacter 


! LaTeX Error: Unicode character å‘¢ (U+5462)
               not set up for use with LaTeX.

See the LaTeX manual or LaTeX Companion for explanation.
Type  H <return>  for immediate help.
 ...                                              
                                                  
l.137 ...dots é€™å…œ\textbf{åœ°åœ–ç„¡å¹¾è‡­å‘¢å•Š}
                                                  èŠé ­\dots
You may provide a definition with
\DeclareUnicodeCharacter 


! LaTeX Error: Unicode character å•Š (U+554A)
               not set up for use with LaTeX.

See the LaTeX manual or LaTeX Companion for explanation.
Type  H <return>  for immediate help.
 ...                                              
                                                  
l.137 ...dots é€™å…œ\textbf{åœ°åœ–ç„¡å¹¾è‡­å‘¢å•Š}
                                                  èŠé ­\dots
You may provide a definition with
\DeclareUnicodeCharacter 


! LaTeX Error: Unicode character èŠ (U+838A)
               not set up for use with LaTeX.

See the LaTeX manual or LaTeX Companion for explanation.
Type  H <return>  for immediate help.
 ...                                              
                                                  
l.137 ...s é€™å…œ\textbf{åœ°åœ–ç„¡å¹¾è‡­å‘¢å•Š}èŠ
                                                  é ­\dots
You may provide a definition with
\DeclareUnicodeCharacter 


! LaTeX Error: Unicode character é ­ (U+982D)
               not set up for use with LaTeX.

See the LaTeX manual or LaTeX Companion for explanation.
Type  H <return>  for immediate help.
 ...                                              
                                                  
l.137 ...€™å…œ\textbf{åœ°åœ–ç„¡å¹¾è‡­å‘¢å•Š}èŠé ­
                                                  \dots
You may provide a definition with
\DeclareUnicodeCharacter 

(./main_camera_ready.bbl [2]) [3

] (./main_camera_ready.aux)
Package rerunfilecheck Info: File `main_camera_ready.out' has not changed.
(rerunfilecheck)             Checksum: D41D8CD98F00B204E9800998ECF8427E;0.
 )
(\end occurred when \ifx on line 7 was incomplete) 
Here is how much of TeX's memory you used:
 14043 strings out of 480247
 220841 string characters out of 5896151
 575997 words of memory out of 5000000
 31622 multiletter control sequences out of 15000+600000
 497687 words of font info for 177 fonts, out of 8000000 for 9000
 14 hyphenation exceptions out of 8191
 75i,10n,77p,1014b,1504s stack positions out of 5000i,500n,10000p,200000b,80000s
{/usr/share/texlive/texmf-dis
t/fonts/enc/dvips/base/8r.enc}</usr/share/texlive/texmf-dist/fonts/type1/public
/amsfonts/cm/cmmi10.pfb></usr/share/texlive/texmf-dist/fonts/type1/public/amsfo
nts/cm/cmsy10.pfb></usr/share/texlive/texmf-dist/fonts/type1/urw/courier/ucrr8a
.pfb></usr/share/texlive/texmf-dist/fonts/type1/urw/times/utmb8a.pfb></usr/shar
e/texlive/texmf-dist/fonts/type1/urw/times/utmbi8a.pfb></usr/share/texlive/texm
f-dist/fonts/type1/urw/times/utmr8a.pfb></usr/share/texlive/texmf-dist/fonts/ty
pe1/urw/times/utmri8a.pfb>
Output written on main_camera_ready.pdf (3 pages, 99352 bytes).
PDF statistics:
 129 PDF objects out of 1000 (max. 8388607)
 108 compressed objects within 2 object streams
 44 named destinations out of 1000 (max. 500000)
 42497 words of extra memory for PDF output out of 42996 (max. 10000000)

